2025-10-29T20:30:46+0100 [-] Loading /Users/andi/projects/blitzortung/python/blitzortung/cli/webservice.py...
2025-10-29T20:30:46+0100 [-] Loaded.
2025-10-29T20:30:46+0100 [twisted.scripts._twistd_unix.UnixAppLogger#info] twistd 24.11.0 (/Users/andi/.virtualenvs/bo-python/bin/python 3.13.9) starting up.
2025-10-29T20:30:46+0100 [twisted.scripts._twistd_unix.UnixAppLogger#info] reactor class: twisted.internet.kqreactor.KQueueReactor.
2025-10-29T20:30:46+0100 [-] Failed to unlink PID file:
	Traceback (most recent call last):
	  File "/Users/andi/.virtualenvs/bo-python/lib/python3.13/site-packages/twisted/scripts/_twistd_unix.py", line 282, in removePID
	    os.unlink(pidfile)
	builtins.FileNotFoundError: [Errno 2] No such file or directory: '/var/run/bo-webservice.pid'
	
2025-10-29T20:30:46+0100 [stderr#error] Traceback (most recent call last):
2025-10-29T20:30:46+0100 [stderr#error]   File "/Users/andi/.virtualenvs/bo-python/bin/twistd", line 8, in <module>
2025-10-29T20:30:46+0100 [stderr#error]     sys.exit(run())
2025-10-29T20:30:46+0100 [stderr#error]              ~~~^^
2025-10-29T20:30:46+0100 [stderr#error]   File "/Users/andi/.virtualenvs/bo-python/lib/python3.13/site-packages/twisted/scripts/twistd.py", line 35, in run
2025-10-29T20:30:46+0100 [stderr#error]     app.run(runApp, ServerOptions)
2025-10-29T20:30:46+0100 [stderr#error]     ~~~~~~~^^^^^^^^^^^^^^^^^^^^^^^
2025-10-29T20:30:46+0100 [stderr#error]   File "/Users/andi/.virtualenvs/bo-python/lib/python3.13/site-packages/twisted/application/app.py", line 673, in run
2025-10-29T20:30:46+0100 [stderr#error]     runApp(config)
2025-10-29T20:30:46+0100 [stderr#error]     ~~~~~~^^^^^^^^
2025-10-29T20:30:46+0100 [stderr#error]   File "/Users/andi/.virtualenvs/bo-python/lib/python3.13/site-packages/twisted/scripts/twistd.py", line 29, in runApp
2025-10-29T20:30:46+0100 [stderr#error]     runner.run()
2025-10-29T20:30:46+0100 [stderr#error]     ~~~~~~~~~~^^
2025-10-29T20:30:46+0100 [stderr#error]   File "/Users/andi/.virtualenvs/bo-python/lib/python3.13/site-packages/twisted/application/app.py", line 374, in run
2025-10-29T20:30:46+0100 [stderr#error]     self.postApplication()
2025-10-29T20:30:46+0100 [stderr#error]     ~~~~~~~~~~~~~~~~~~~~^^
2025-10-29T20:30:46+0100 [stderr#error]   File "/Users/andi/.virtualenvs/bo-python/lib/python3.13/site-packages/twisted/scripts/_twistd_unix.py", line 254, in postApplication
2025-10-29T20:30:46+0100 [stderr#error]     self.startApplication(self.application)
2025-10-29T20:30:46+0100 [stderr#error]     ~~~~~~~~~~~~~~~~~~~~~^^^^^^^^^^^^^^^^^^
2025-10-29T20:30:46+0100 [stderr#error]   File "/Users/andi/.virtualenvs/bo-python/lib/python3.13/site-packages/twisted/scripts/_twistd_unix.py", line 436, in startApplication
2025-10-29T20:30:46+0100 [stderr#error]     self.setupEnvironment(
2025-10-29T20:30:46+0100 [stderr#error]     ~~~~~~~~~~~~~~~~~~~~~^
2025-10-29T20:30:46+0100 [stderr#error]         self.config["chroot"],
2025-10-29T20:30:46+0100 [stderr#error]         ^^^^^^^^^^^^^^^^^^^^^^
2025-10-29T20:30:46+0100 [stderr#error]     ...<3 lines>...
2025-10-29T20:30:46+0100 [stderr#error]         self.config["pidfile"],
2025-10-29T20:30:46+0100 [stderr#error]         ^^^^^^^^^^^^^^^^^^^^^^^
2025-10-29T20:30:46+0100 [stderr#error]     )
2025-10-29T20:30:46+0100 [stderr#error]     ^
2025-10-29T20:30:46+0100 [stderr#error]   File "/Users/andi/.virtualenvs/bo-python/lib/python3.13/site-packages/twisted/scripts/_twistd_unix.py", line 329, in setupEnvironment
2025-10-29T20:30:46+0100 [stderr#error]     with open(pidfile, "wb") as f:
2025-10-29T20:30:46+0100 [stderr#error]          ~~~~^^^^^^^^^^^^^^^
2025-10-29T20:30:46+0100 [stderr#error] PermissionError: [Errno 13] Permission denied: '/var/run/bo-webservice.pid'
2025-10-29T20:33:09+0100 [-] Loading /Users/andi/projects/blitzortung/python/blitzortung/cli/webservice.py...
2025-10-29T20:33:09+0100 [-] Loaded.
2025-10-29T20:33:09+0100 [twisted.scripts._twistd_unix.UnixAppLogger#info] twistd 24.11.0 (/Users/andi/.virtualenvs/bo-python/bin/python 3.13.9) starting up.
2025-10-29T20:33:09+0100 [twisted.scripts._twistd_unix.UnixAppLogger#info] reactor class: twisted.internet.kqreactor.KQueueReactor.
2025-10-29T20:33:09+0100 [-] Site starting on 7080
2025-10-29T20:33:09+0100 [twisted.web.server.Site#info] Starting factory <twisted.web.server.Site object at 0x10c22a900>
2025-10-29T20:34:53+0100 [-] Removing stale pidfile /Users/andi/.bo-webservice.pid
2025-10-29T20:34:53+0100 [-] Loading /Users/andi/projects/blitzortung/python/blitzortung/cli/webservice.py...
2025-10-29T20:34:53+0100 [-] Loaded.
2025-10-29T20:34:53+0100 [twisted.scripts._twistd_unix.UnixAppLogger#info] twistd 24.11.0 (/Users/andi/.virtualenvs/bo-python/bin/python 3.13.9) starting up.
2025-10-29T20:34:53+0100 [twisted.scripts._twistd_unix.UnixAppLogger#info] reactor class: twisted.internet.kqreactor.KQueueReactor.
2025-10-29T20:34:53+0100 [-] Site starting on 7080
2025-10-29T20:34:53+0100 [twisted.web.server.Site#info] Starting factory <twisted.web.server.Site object at 0x10d1596a0>
